<?xml version="1.0" encoding="UTF-8"?>
<!-- Generated by org.testng.reporters.JUnitXMLReporter -->
<testsuite hostname="LAPTOP-OCUJHMOQ" tests="2" failures="1" timestamp="7 Nov 2020 09:07:39 GMT" time="34.553" errors="0">
  <testcase name="launchTestAutomationGuruTest" time="9.635" classname="BaseTest"/>
  <testcase name="testAccessibility" time="8.344" classname="BaseTest">
    <failure type="java.lang.AssertionError" message="expected [true] but found [false]">
      <![CDATA[java.lang.AssertionError: expected [true] but found [false]
	at BaseTest.testAccessibility(BaseTest.java:107)
... Removed 32 stack frames]]>
    </failure>
  </testcase> <!-- testAccessibility -->
</testsuite>
