-------------------------------------------------------------------------------
Test set: BaseTest
-------------------------------------------------------------------------------
Tests run: 2, Failures: 1, Errors: 0, Skipped: 0, Time elapsed: 36.738 s <<< FAILURE! - in BaseTest
testAccessibility(BaseTest)  Time elapsed: 8.346 s  <<< FAILURE!
java.lang.AssertionError: expected [true] but found [false]
	at BaseTest.testAccessibility(BaseTest.java:107)

