<?xml version="1.0" encoding="UTF-8"?>
<testsuite xmlns:xsi="http://www.w3.org/2001/XMLSchema-instance" xsi:noNamespaceSchemaLocation="https://maven.apache.org/surefire/maven-surefire-plugin/xsd/surefire-test-report.xsd" name="BaseTest" time="36.738" tests="2" errors="0" skipped="0" failures="1">
  <properties>
[...]
</properties>
  <testcase name="launchTestAutomationGuruTest" classname="BaseTest" time="9.637"/>
  <testcase name="testAccessibility" classname="BaseTest" time="8.346">
    <failure message="expected [true] but found [false]" type="java.lang.AssertionError">java.lang.AssertionError: expected [true] but found [false]
	at BaseTest.testAccessibility(BaseTest.java:107)
</failure>
    <system-out><![CDATA[true : is sauce val
e85c29a5-bf53-403d-8336-0a20418e4c54 env value
bmec.mahi@gmail.com env value
]]></system-out>
    <system-err><![CDATA[Nov 07, 2020 2:37:30 PM org.openqa.selenium.remote.ProtocolHandshake createSession
INFO: Detected dialect: OSS
]]></system-err>
  </testcase>
</testsuite>